<?xml version="1.0" encoding="UTF-8"?>
<!-- Generated by org.testng.reporters.JUnitXMLReporter -->
<testsuite hostname="VJ" name="Test" tests="3" failures="0" timestamp="1 Mar 2017 21:34:56 GMT" time="113.13" errors="0">
  <testcase name="SearchResults" time="15.015" classname="miniWo.tests.MiniWo_TC01_SearchResults"/>
  <testcase name="SearchResults" time="16.384" classname="miniWo.tests.MiniWo_TC02_NewUserRating"/>
  <testcase name="SearchResults" time="10.532" classname="miniWo.tests.MiniWo_TC03_ExistingUserRating"/>
</testsuite> <!-- Test -->
