<?xml version="1.0" encoding="UTF-8"?>
<!-- Generated by org.testng.reporters.JUnitXMLReporter -->
<testsuite hostname="VJ-PC" name="Test" tests="1" failures="1" timestamp="25 Mar 2017 09:09:49 GMT" time="35.847" errors="0">
  <testcase name="SearchResults" time="2.929" classname="miniWo.tests.MiniWo_TC01_SearchResults">
    <failure type="java.lang.StringIndexOutOfBoundsException" message="String index out of range: -1">
      <![CDATA[java.lang.StringIndexOutOfBoundsException: String index out of range: -1
	at java.lang.String.substring(Unknown Source)
	at miniWo.utils.CommonActions.getsubstring(CommonActions.java:11)
	at miniWo.tests.MiniWo_TC01_SearchResults.SearchResults(MiniWo_TC01_SearchResults.java:41)
... Removed 27 stack frames]]>
    </failure>
  </testcase> <!-- SearchResults -->
</testsuite> <!-- Test -->
