-------------------------------------------------------------------------------
Test set: TestSuite
-------------------------------------------------------------------------------
Tests run: 1, Failures: 1, Errors: 0, Skipped: 0, Time elapsed: 36.69 sec <<< FAILURE! - in TestSuite
SearchResults(miniWo.tests.MiniWo_TC01_SearchResults)  Time elapsed: 2.943 sec  <<< FAILURE!
java.lang.StringIndexOutOfBoundsException: String index out of range: -1
	at miniWo.tests.MiniWo_TC01_SearchResults.SearchResults(MiniWo_TC01_SearchResults.java:41)

