<?xml version="1.0" encoding="UTF-8"?>
<testng-results skipped="0" failed="1" total="1" passed="0">
  <reporter-output>
  </reporter-output>
  <suite name="Suite" duration-ms="35847" started-at="2017-03-25T09:09:13Z" finished-at="2017-03-25T09:09:49Z">
    <groups>
    </groups>
    <test name="Test" duration-ms="35847" started-at="2017-03-25T09:09:13Z" finished-at="2017-03-25T09:09:49Z">
      <class name="miniWo.tests.MiniWo_TC01_SearchResults">
        <test-method status="PASS" signature="getUrl()[pri:0, instance:miniWo.tests.MiniWo_TC01_SearchResults@17550481]" name="getUrl" is-config="true" duration-ms="30461" started-at="2017-03-25T14:39:13Z" finished-at="2017-03-25T14:39:43Z">
          <reporter-output>
          </reporter-output>
        </test-method> <!-- getUrl -->
        <test-method status="FAIL" signature="SearchResults()[pri:0, instance:miniWo.tests.MiniWo_TC01_SearchResults@17550481]" name="SearchResults" duration-ms="2929" started-at="2017-03-25T14:39:43Z" finished-at="2017-03-25T14:39:46Z">
          <exception class="java.lang.StringIndexOutOfBoundsException">
            <message>
              <![CDATA[String index out of range: -1]]>
            </message>
            <full-stacktrace>
              <![CDATA[java.lang.StringIndexOutOfBoundsException: String index out of range: -1
	at java.lang.String.substring(Unknown Source)
	at miniWo.utils.CommonActions.getsubstring(CommonActions.java:11)
	at miniWo.tests.MiniWo_TC01_SearchResults.SearchResults(MiniWo_TC01_SearchResults.java:41)
	at sun.reflect.NativeMethodAccessorImpl.invoke0(Native Method)
	at sun.reflect.NativeMethodAccessorImpl.invoke(Unknown Source)
	at sun.reflect.DelegatingMethodAccessorImpl.invoke(Unknown Source)
	at java.lang.reflect.Method.invoke(Unknown Source)
	at org.testng.internal.MethodInvocationHelper.invokeMethod(MethodInvocationHelper.java:86)
	at org.testng.internal.Invoker.invokeMethod(Invoker.java:643)
	at org.testng.internal.Invoker.invokeTestMethod(Invoker.java:820)
	at org.testng.internal.Invoker.invokeTestMethods(Invoker.java:1128)
	at org.testng.internal.TestMethodWorker.invokeTestMethods(TestMethodWorker.java:129)
	at org.testng.internal.TestMethodWorker.run(TestMethodWorker.java:112)
	at org.testng.TestRunner.privateRun(TestRunner.java:782)
	at org.testng.TestRunner.run(TestRunner.java:632)
	at org.testng.SuiteRunner.runTest(SuiteRunner.java:366)
	at org.testng.SuiteRunner.runSequentially(SuiteRunner.java:361)
	at org.testng.SuiteRunner.privateRun(SuiteRunner.java:319)
	at org.testng.SuiteRunner.run(SuiteRunner.java:268)
	at org.testng.SuiteRunnerWorker.runSuite(SuiteRunnerWorker.java:52)
	at org.testng.SuiteRunnerWorker.run(SuiteRunnerWorker.java:86)
	at org.testng.TestNG.runSuitesSequentially(TestNG.java:1244)
	at org.testng.TestNG.runSuitesLocally(TestNG.java:1169)
	at org.testng.TestNG.run(TestNG.java:1064)
	at org.apache.maven.surefire.testng.TestNGExecutor.run(TestNGExecutor.java:281)
	at org.apache.maven.surefire.testng.TestNGXmlTestSuite.execute(TestNGXmlTestSuite.java:75)
	at org.apache.maven.surefire.testng.TestNGProvider.invoke(TestNGProvider.java:121)
	at org.apache.maven.surefire.booter.ForkedBooter.invokeProviderInSameClassLoader(ForkedBooter.java:290)
	at org.apache.maven.surefire.booter.ForkedBooter.runSuitesInProcess(ForkedBooter.java:242)
	at org.apache.maven.surefire.booter.ForkedBooter.main(ForkedBooter.java:121)
]]>
            </full-stacktrace>
          </exception> <!-- java.lang.StringIndexOutOfBoundsException -->
          <reporter-output>
          </reporter-output>
        </test-method> <!-- SearchResults -->
        <test-method status="PASS" signature="CloseBrowser()[pri:0, instance:miniWo.tests.MiniWo_TC01_SearchResults@17550481]" name="CloseBrowser" is-config="true" duration-ms="2434" started-at="2017-03-25T14:39:46Z" finished-at="2017-03-25T14:39:49Z">
          <reporter-output>
          </reporter-output>
        </test-method> <!-- CloseBrowser -->
      </class> <!-- miniWo.tests.MiniWo_TC01_SearchResults -->
    </test> <!-- Test -->
  </suite> <!-- Suite -->
</testng-results>
