<?xml version="1.0" encoding="UTF-8"?>
<testng-results skipped="0" failed="0" total="3" passed="3">
  <reporter-output>
  </reporter-output>
  <suite name="Suite" duration-ms="113130" started-at="2017-03-01T21:33:03Z" finished-at="2017-03-01T21:34:56Z">
    <groups>
    </groups>
    <test name="Test" duration-ms="113130" started-at="2017-03-01T21:33:03Z" finished-at="2017-03-01T21:34:56Z">
      <class name="miniWo.tests.MiniWo_TC03_ExistingUserRating">
        <test-method status="PASS" signature="getUrl()[pri:0, instance:miniWo.tests.MiniWo_TC03_ExistingUserRating@2c6a3f77]" name="getUrl" is-config="true" duration-ms="18372" started-at="2017-03-02T03:04:27Z" finished-at="2017-03-02T03:04:45Z">
          <reporter-output>
          </reporter-output>
        </test-method> <!-- getUrl -->
        <test-method status="PASS" signature="SearchResults()[pri:0, instance:miniWo.tests.MiniWo_TC03_ExistingUserRating@2c6a3f77]" name="SearchResults" duration-ms="10532" started-at="2017-03-02T03:04:45Z" finished-at="2017-03-02T03:04:56Z">
          <reporter-output>
          </reporter-output>
        </test-method> <!-- SearchResults -->
        <test-method status="PASS" signature="CloseBrowser()[pri:0, instance:miniWo.tests.MiniWo_TC03_ExistingUserRating@2c6a3f77]" name="CloseBrowser" is-config="true" duration-ms="256" started-at="2017-03-02T03:04:56Z" finished-at="2017-03-02T03:04:56Z">
          <reporter-output>
          </reporter-output>
        </test-method> <!-- CloseBrowser -->
      </class> <!-- miniWo.tests.MiniWo_TC03_ExistingUserRating -->
      <class name="miniWo.tests.MiniWo_TC01_SearchResults">
        <test-method status="PASS" signature="getUrl()[pri:0, instance:miniWo.tests.MiniWo_TC01_SearchResults@180bc464]" name="getUrl" is-config="true" duration-ms="33881" started-at="2017-03-02T03:03:03Z" finished-at="2017-03-02T03:03:37Z">
          <reporter-output>
          </reporter-output>
        </test-method> <!-- getUrl -->
        <test-method status="PASS" signature="SearchResults()[pri:0, instance:miniWo.tests.MiniWo_TC01_SearchResults@180bc464]" name="SearchResults" duration-ms="15015" started-at="2017-03-02T03:03:37Z" finished-at="2017-03-02T03:03:52Z">
          <reporter-output>
          </reporter-output>
        </test-method> <!-- SearchResults -->
        <test-method status="PASS" signature="CloseBrowser()[pri:0, instance:miniWo.tests.MiniWo_TC01_SearchResults@180bc464]" name="CloseBrowser" is-config="true" duration-ms="297" started-at="2017-03-02T03:03:52Z" finished-at="2017-03-02T03:03:52Z">
          <reporter-output>
          </reporter-output>
        </test-method> <!-- CloseBrowser -->
      </class> <!-- miniWo.tests.MiniWo_TC01_SearchResults -->
      <class name="miniWo.tests.MiniWo_TC02_NewUserRating">
        <test-method status="PASS" signature="getUrl()[pri:0, instance:miniWo.tests.MiniWo_TC02_NewUserRating@1324409e]" name="getUrl" is-config="true" duration-ms="18166" started-at="2017-03-02T03:03:52Z" finished-at="2017-03-02T03:04:10Z">
          <reporter-output>
          </reporter-output>
        </test-method> <!-- getUrl -->
        <test-method status="PASS" signature="SearchResults()[pri:0, instance:miniWo.tests.MiniWo_TC02_NewUserRating@1324409e]" name="SearchResults" duration-ms="16384" started-at="2017-03-02T03:04:10Z" finished-at="2017-03-02T03:04:27Z">
          <reporter-output>
          </reporter-output>
        </test-method> <!-- SearchResults -->
        <test-method status="PASS" signature="CloseBrowser()[pri:0, instance:miniWo.tests.MiniWo_TC02_NewUserRating@1324409e]" name="CloseBrowser" is-config="true" duration-ms="212" started-at="2017-03-02T03:04:27Z" finished-at="2017-03-02T03:04:27Z">
          <reporter-output>
          </reporter-output>
        </test-method> <!-- CloseBrowser -->
      </class> <!-- miniWo.tests.MiniWo_TC02_NewUserRating -->
    </test> <!-- Test -->
  </suite> <!-- Suite -->
</testng-results>
