<?xml version="1.0" encoding="UTF-8"?>
<testsuite xmlns:xsi="http://www.w3.org/2001/XMLSchema-instance" xsi:schemaLocation="https://maven.apache.org/surefire/maven-surefire-plugin/xsd/surefire-test-report.xsd" name="TestSuite" time="36.69" tests="1" errors="0" skipped="0" failures="1">
  <properties>
[...]
</properties>
  <testcase name="SearchResults" classname="miniWo.tests.MiniWo_TC01_SearchResults" time="2.943">
    <failure message="String index out of range: -1" type="java.lang.StringIndexOutOfBoundsException">java.lang.StringIndexOutOfBoundsException: String index out of range: -1
	at miniWo.tests.MiniWo_TC01_SearchResults.SearchResults(MiniWo_TC01_SearchResults.java:41)
</failure>
    <system-out><![CDATA[2017-03-25 14:39:43 INFO  Loggers:19 - ****************************************************************************************
2017-03-25 14:39:43 INFO  Loggers:21 - ****************************************************************************************
2017-03-25 14:39:43 INFO  Loggers:23 - $$$$$$$$$$$$$$$$$$$$$                 MiniWo_TC01_SearchResults       $$$$$$$$$$$$$$$$$$$$$$$$$
2017-03-25 14:39:43 INFO  Loggers:25 - ****************************************************************************************
2017-03-25 14:39:43 INFO  Loggers:27 - ****************************************************************************************
2017-03-25 14:39:43 INFO  Loggers:51 - 1. Enter location value in the text field
2017-03-25 14:39:44 INFO  Loggers:51 - 2. Click on the Search button
2017-03-25 14:39:46 INFO  Loggers:51 - 3. Get the value of the search result
]]></system-out>
    <system-err><![CDATA[log4j:WARN No appenders could be found for logger (org.apache.http.client.protocol.RequestAddCookies).
log4j:WARN Please initialize the log4j system properly.
log4j:WARN See http://logging.apache.org/log4j/1.2/faq.html#noconfig for more info.
]]></system-err>
  </testcase>
</testsuite>