<?xml version="1.0" encoding="UTF-8"?>
<testsuite xmlns:xsi="http://www.w3.org/2001/XMLSchema-instance" xsi:schemaLocation="https://maven.apache.org/surefire/maven-surefire-plugin/xsd/surefire-test-report.xsd" name="TestSuite" time="113.511" tests="3" errors="0" skipped="0" failures="0">
  <properties>
[...]
</properties>
  <testcase name="SearchResults" classname="miniWo.tests.MiniWo_TC01_SearchResults" time="15.017"/>
  <testcase name="SearchResults" classname="miniWo.tests.MiniWo_TC02_NewUserRating" time="16.389"/>
  <testcase name="SearchResults" classname="miniWo.tests.MiniWo_TC03_ExistingUserRating" time="10.528"/>
</testsuite>